Device: cpu
Algorithm: TRPO
Oracle mode: using environment with task params in observation
/home/smaug/Documents/MASTER/ReinforcementLearning/maml-rl/.venv/lib/python3.12/site-packages/gymnasium/spaces/box.py:236: UserWarning: [33mWARN: Box low's precision lowered by casting to float32, current low.dtype=float64[0m
  gym.logger.warn(
/home/smaug/Documents/MASTER/ReinforcementLearning/maml-rl/.venv/lib/python3.12/site-packages/gymnasium/spaces/box.py:306: UserWarning: [33mWARN: Box high's precision lowered by casting to float32, current high.dtype=float64[0m
  gym.logger.warn(
[iter 1] loss=0.086 rew_support=-48.067 rew_query=-48.067 kl=0.0078
[iter 2] loss=0.083 rew_support=-47.328 rew_query=-47.328 kl=0.0085
[iter 3] loss=0.093 rew_support=-47.958 rew_query=-47.958 kl=0.0090
[iter 4] loss=0.105 rew_support=-46.276 rew_query=-46.276 kl=0.0132
[iter 5] loss=0.107 rew_support=-48.747 rew_query=-48.747 kl=0.0108
[iter 6] loss=0.120 rew_support=-49.778 rew_query=-49.778 kl=0.0102
[iter 7] loss=0.120 rew_support=-48.747 rew_query=-48.747 kl=0.0098
[iter 8] loss=0.121 rew_support=-49.488 rew_query=-49.488 kl=0.0097
[iter 9] loss=0.124 rew_support=-50.955 rew_query=-50.955 kl=0.0101
[iter 10] loss=0.124 rew_support=-50.920 rew_query=-50.920 kl=0.0101
[iter 11] loss=0.122 rew_support=-48.404 rew_query=-48.404 kl=0.0099
[iter 12] loss=0.121 rew_support=-50.017 rew_query=-50.017 kl=0.0100
[iter 13] loss=0.117 rew_support=-48.876 rew_query=-48.876 kl=0.0097
[iter 14] loss=0.117 rew_support=-47.905 rew_query=-47.905 kl=0.0096
[iter 15] loss=0.120 rew_support=-49.072 rew_query=-49.072 kl=0.0097
[iter 16] loss=0.120 rew_support=-48.817 rew_query=-48.817 kl=0.0100
[iter 17] loss=0.119 rew_support=-48.411 rew_query=-48.411 kl=0.0099
[iter 18] loss=0.119 rew_support=-48.219 rew_query=-48.219 kl=0.0101
[iter 19] loss=0.119 rew_support=-49.107 rew_query=-49.107 kl=0.0099
[iter 20] loss=0.118 rew_support=-49.578 rew_query=-49.578 kl=0.0102
[iter 21] loss=0.116 rew_support=-50.116 rew_query=-50.116 kl=0.0102
[iter 22] loss=0.116 rew_support=-48.603 rew_query=-48.603 kl=0.0104
[iter 23] loss=0.117 rew_support=-48.906 rew_query=-48.906 kl=0.0103
[iter 24] loss=0.116 rew_support=-49.152 rew_query=-49.152 kl=0.0105
[iter 25] loss=0.112 rew_support=-48.358 rew_query=-48.358 kl=0.0106
[iter 26] loss=0.112 rew_support=-48.357 rew_query=-48.357 kl=0.0105
[iter 27] loss=0.111 rew_support=-49.321 rew_query=-49.321 kl=0.0105
[iter 28] loss=0.111 rew_support=-48.147 rew_query=-48.147 kl=0.0104
[iter 29] loss=0.111 rew_support=-48.750 rew_query=-48.750 kl=0.0105
[iter 30] loss=0.111 rew_support=-48.287 rew_query=-48.287 kl=0.0105
[iter 31] loss=0.109 rew_support=-48.490 rew_query=-48.490 kl=0.0105
[iter 32] loss=0.110 rew_support=-49.068 rew_query=-49.068 kl=0.0104
[iter 33] loss=0.109 rew_support=-48.360 rew_query=-48.360 kl=0.0103
[iter 34] loss=0.102 rew_support=-48.698 rew_query=-48.698 kl=0.0103
[iter 35] loss=0.103 rew_support=-49.891 rew_query=-49.891 kl=0.0101
[iter 36] loss=0.099 rew_support=-48.930 rew_query=-48.930 kl=0.0100
[iter 37] loss=0.095 rew_support=-48.069 rew_query=-48.069 kl=0.0101
[iter 38] loss=0.094 rew_support=-50.515 rew_query=-50.515 kl=0.0101
[iter 39] loss=0.092 rew_support=-49.363 rew_query=-49.363 kl=0.0101
[iter 40] loss=0.085 rew_support=-50.015 rew_query=-50.015 kl=0.0102
[iter 41] loss=0.083 rew_support=-48.651 rew_query=-48.651 kl=0.0100
[iter 42] loss=0.078 rew_support=-48.861 rew_query=-48.861 kl=0.0101
[iter 43] loss=0.068 rew_support=-48.183 rew_query=-48.183 kl=0.0102
[iter 44] loss=0.063 rew_support=-48.685 rew_query=-48.685 kl=0.0102
[iter 45] loss=0.060 rew_support=-47.395 rew_query=-47.395 kl=0.0101
[iter 46] loss=0.059 rew_support=-49.507 rew_query=-49.507 kl=0.0101
[iter 47] loss=0.057 rew_support=-48.514 rew_query=-48.514 kl=0.0099
[iter 48] loss=0.059 rew_support=-48.435 rew_query=-48.435 kl=0.0100
[iter 49] loss=0.058 rew_support=-49.826 rew_query=-49.826 kl=0.0098
[iter 50] loss=0.062 rew_support=-49.821 rew_query=-49.821 kl=0.0093
Checkpoint saved to checkpoints/run_20260106_143137/checkpoint_50.pt
[iter 51] loss=0.065 rew_support=-48.426 rew_query=-48.426 kl=0.0102
[iter 52] loss=0.075 rew_support=-48.247 rew_query=-48.247 kl=0.0109
[iter 53] loss=0.091 rew_support=-49.027 rew_query=-49.027 kl=0.0131
[iter 54] loss=0.108 rew_support=-48.356 rew_query=-48.356 kl=0.0131
[iter 55] loss=0.042 rew_support=-49.399 rew_query=-49.399 kl=0.0031
[iter 56] loss=0.139 rew_support=-49.206 rew_query=-49.206 kl=0.0141
[iter 57] loss=0.172 rew_support=-48.231 rew_query=-48.231 kl=0.0144
[iter 58] loss=0.066 rew_support=-48.011 rew_query=-48.011 kl=0.0030
[iter 59] loss=0.060 rew_support=-49.171 rew_query=-49.171 kl=0.0034
[iter 60] loss=0.072 rew_support=-50.085 rew_query=-50.085 kl=0.0033
[iter 61] loss=0.061 rew_support=-48.047 rew_query=-48.047 kl=0.0032
[iter 62] loss=0.066 rew_support=-47.268 rew_query=-47.268 kl=0.0031
[iter 63] loss=0.138 rew_support=-48.629 rew_query=-48.629 kl=0.0109
[iter 64] loss=0.142 rew_support=-49.543 rew_query=-49.543 kl=0.0111
[iter 65] loss=0.156 rew_support=-49.541 rew_query=-49.541 kl=0.0140
[iter 66] loss=0.098 rew_support=-47.581 rew_query=-47.581 kl=0.0083
[iter 67] loss=0.086 rew_support=-48.674 rew_query=-48.674 kl=0.0074
[iter 68] loss=0.090 rew_support=-47.860 rew_query=-47.860 kl=0.0104
[iter 69] loss=0.100 rew_support=-48.598 rew_query=-48.598 kl=0.0116
[iter 70] loss=0.065 rew_support=-49.213 rew_query=-49.213 kl=0.0100
[iter 71] loss=0.048 rew_support=-49.001 rew_query=-49.001 kl=0.0096
[iter 72] loss=0.053 rew_support=-49.341 rew_query=-49.341 kl=0.0101
[iter 73] loss=0.054 rew_support=-49.244 rew_query=-49.244 kl=0.0108
[iter 74] loss=0.046 rew_support=-50.758 rew_query=-50.758 kl=0.0100
[iter 75] loss=0.028 rew_support=-46.719 rew_query=-46.719 kl=0.0099
[iter 76] loss=0.053 rew_support=-48.884 rew_query=-48.884 kl=0.0116
[iter 77] loss=0.031 rew_support=-48.003 rew_query=-48.003 kl=0.0101
[iter 78] loss=0.049 rew_support=-49.925 rew_query=-49.925 kl=0.0101
[iter 79] loss=0.034 rew_support=-47.044 rew_query=-47.044 kl=0.0098
[iter 80] loss=0.031 rew_support=-46.914 rew_query=-46.914 kl=0.0099
[iter 81] loss=0.054 rew_support=-48.955 rew_query=-48.955 kl=0.0101
[iter 82] loss=0.030 rew_support=-48.741 rew_query=-48.741 kl=0.0099
[iter 83] loss=0.036 rew_support=-46.962 rew_query=-46.962 kl=0.0101
[iter 84] loss=0.071 rew_support=-48.429 rew_query=-48.429 kl=0.0121
[iter 85] loss=0.034 rew_support=-49.328 rew_query=-49.328 kl=0.0101
[iter 86] loss=0.036 rew_support=-47.897 rew_query=-47.897 kl=0.0100
[iter 87] loss=0.049 rew_support=-50.019 rew_query=-50.019 kl=0.0097
[iter 88] loss=0.047 rew_support=-49.218 rew_query=-49.218 kl=0.0097
[iter 89] loss=0.049 rew_support=-48.361 rew_query=-48.361 kl=0.0098
[iter 90] loss=0.048 rew_support=-49.160 rew_query=-49.160 kl=0.0098
[iter 91] loss=0.042 rew_support=-48.920 rew_query=-48.920 kl=0.0101
[iter 92] loss=0.050 rew_support=-49.059 rew_query=-49.059 kl=0.0098
[iter 93] loss=0.037 rew_support=-47.730 rew_query=-47.730 kl=0.0100
[iter 94] loss=0.054 rew_support=-49.728 rew_query=-49.728 kl=0.0099
[iter 95] loss=0.059 rew_support=-49.564 rew_query=-49.564 kl=0.0104
[iter 96] loss=0.047 rew_support=-47.388 rew_query=-47.388 kl=0.0098
[iter 97] loss=0.042 rew_support=-48.442 rew_query=-48.442 kl=0.0100
[iter 98] loss=0.047 rew_support=-49.361 rew_query=-49.361 kl=0.0101
[iter 99] loss=0.056 rew_support=-48.948 rew_query=-48.948 kl=0.0098
[iter 100] loss=0.060 rew_support=-49.073 rew_query=-49.073 kl=0.0098
Checkpoint saved to checkpoints/run_20260106_144636/checkpoint_100.pt
[iter 101] loss=0.052 rew_support=-50.345 rew_query=-50.345 kl=0.0100
[iter 102] loss=0.043 rew_support=-48.688 rew_query=-48.688 kl=0.0102
[iter 103] loss=0.056 rew_support=-48.472 rew_query=-48.472 kl=0.0099
[iter 104] loss=0.058 rew_support=-47.948 rew_query=-47.948 kl=0.0099
[iter 105] loss=0.057 rew_support=-49.961 rew_query=-49.961 kl=0.0100
[iter 106] loss=0.059 rew_support=-49.947 rew_query=-49.947 kl=0.0097
[iter 107] loss=0.049 rew_support=-48.810 rew_query=-48.810 kl=0.0101
[iter 108] loss=0.047 rew_support=-48.988 rew_query=-48.988 kl=0.0103
Process _ProcessNoWarn-20:
Process _ProcessNoWarn-16:
Process _ProcessNoWarn-18:
Process _ProcessNoWarn-19:
Process _ProcessNoWarn-15:
Process _ProcessNoWarn-17:
Process _ProcessNoWarn-14:
Process _ProcessNoWarn-13:
Process _ProcessNoWarn-7:
Process _ProcessNoWarn-9:
Process _ProcessNoWarn-12:
Process _ProcessNoWarn-10:
Process _ProcessNoWarn-11:
Process _ProcessNoWarn-8:
Process _ProcessNoWarn-6:
Process _ProcessNoWarn-5:
Process _ProcessNoWarn-3:
Traceback (most recent call last):
Traceback (most recent call last):
Traceback (most recent call last):
Traceback (most recent call last):
Traceback (most recent call last):
Traceback (most recent call last):
Traceback (most recent call last):
Traceback (most recent call last):
Traceback (most recent call last):
Traceback (most recent call last):
Traceback (most recent call last):
Traceback (most recent call last):
Traceback (most recent call last):
  File "/home/smaug/Documents/MASTER/ReinforcementLearning/maml-rl/.venv/lib/python3.12/site-packages/torchrl/envs/batched_envs.py", line 2398, in _run_worker_pipe_shared_mem
    cmd, data = child_pipe.recv()
                ^^^^^^^^^^^^^^^^^
Traceback (most recent call last):
Traceback (most recent call last):
  File "/home/smaug/Documents/MASTER/ReinforcementLearning/maml-rl/.venv/lib/python3.12/site-packages/torchrl/envs/batched_envs.py", line 2398, in _run_worker_pipe_shared_mem
    cmd, data = child_pipe.recv()
                ^^^^^^^^^^^^^^^^^
  File "/home/smaug/Documents/MASTER/ReinforcementLearning/maml-rl/.venv/lib/python3.12/site-packages/torchrl/envs/batched_envs.py", line 2398, in _run_worker_pipe_shared_mem
    cmd, data = child_pipe.recv()
                ^^^^^^^^^^^^^^^^^
  File "/usr/lib/python3.12/multiprocessing/connection.py", line 250, in recv
    buf = self._recv_bytes()
          ^^^^^^^^^^^^^^^^^^
  File "/home/smaug/Documents/MASTER/ReinforcementLearning/maml-rl/.venv/lib/python3.12/site-packages/torchrl/envs/batched_envs.py", line 2398, in _run_worker_pipe_shared_mem
    cmd, data = child_pipe.recv()
                ^^^^^^^^^^^^^^^^^
  File "/home/smaug/Documents/MASTER/ReinforcementLearning/maml-rl/.venv/lib/python3.12/site-packages/torchrl/envs/batched_envs.py", line 2398, in _run_worker_pipe_shared_mem
    cmd, data = child_pipe.recv()
                ^^^^^^^^^^^^^^^^^
  File "/usr/lib/python3.12/multiprocessing/connection.py", line 430, in _recv_bytes
    buf = self._recv(4)
          ^^^^^^^^^^^^^
  File "/usr/lib/python3.12/multiprocessing/connection.py", line 250, in recv
    buf = self._recv_bytes()
          ^^^^^^^^^^^^^^^^^^
  File "/usr/lib/python3.12/multiprocessing/connection.py", line 250, in recv
    buf = self._recv_bytes()
          ^^^^^^^^^^^^^^^^^^
  File "/usr/lib/python3.12/multiprocessing/connection.py", line 399, in _recv
    raise EOFError
  File "/usr/lib/python3.12/multiprocessing/connection.py", line 250, in recv
    buf = self._recv_bytes()
          ^^^^^^^^^^^^^^^^^^
  File "/home/smaug/Documents/MASTER/ReinforcementLearning/maml-rl/.venv/lib/python3.12/site-packages/torchrl/envs/batched_envs.py", line 2398, in _run_worker_pipe_shared_mem
    cmd, data = child_pipe.recv()
                ^^^^^^^^^^^^^^^^^
  File "/home/smaug/Documents/MASTER/ReinforcementLearning/maml-rl/.venv/lib/python3.12/site-packages/torchrl/envs/batched_envs.py", line 2398, in _run_worker_pipe_shared_mem
    cmd, data = child_pipe.recv()
                ^^^^^^^^^^^^^^^^^
  File "/usr/lib/python3.12/multiprocessing/connection.py", line 430, in _recv_bytes
    buf = self._recv(4)
          ^^^^^^^^^^^^^
  File "/usr/lib/python3.12/multiprocessing/connection.py", line 430, in _recv_bytes
    buf = self._recv(4)
          ^^^^^^^^^^^^^
  File "/usr/lib/python3.12/multiprocessing/connection.py", line 250, in recv
    buf = self._recv_bytes()
          ^^^^^^^^^^^^^^^^^^
Process _ProcessNoWarn-2:
  File "/usr/lib/python3.12/multiprocessing/connection.py", line 430, in _recv_bytes
    buf = self._recv(4)
          ^^^^^^^^^^^^^
EOFError
  File "/usr/lib/python3.12/multiprocessing/connection.py", line 399, in _recv
    raise EOFError
  File "/usr/lib/python3.12/multiprocessing/connection.py", line 399, in _recv
    raise EOFError
Traceback (most recent call last):
  File "/usr/lib/python3.12/multiprocessing/connection.py", line 250, in recv
    buf = self._recv_bytes()
          ^^^^^^^^^^^^^^^^^^
  File "/usr/lib/python3.12/multiprocessing/connection.py", line 250, in recv
    buf = self._recv_bytes()
          ^^^^^^^^^^^^^^^^^^
  File "/usr/lib/python3.12/multiprocessing/connection.py", line 430, in _recv_bytes
    buf = self._recv(4)
          ^^^^^^^^^^^^^
  File "/usr/lib/python3.12/multiprocessing/connection.py", line 399, in _recv
    raise EOFError
  File "/usr/lib/python3.12/multiprocessing/connection.py", line 399, in _recv
    raise EOFError
EOFError
EOFError
  File "/usr/lib/python3.12/multiprocessing/connection.py", line 430, in _recv_bytes
    buf = self._recv(4)
          ^^^^^^^^^^^^^
  File "/usr/lib/python3.12/multiprocessing/connection.py", line 430, in _recv_bytes
    buf = self._recv(4)
          ^^^^^^^^^^^^^
EOFError
  File "/usr/lib/python3.12/multiprocessing/connection.py", line 399, in _recv
    raise EOFError
  File "/usr/lib/python3.12/multiprocessing/connection.py", line 399, in _recv
    raise EOFError
EOFError
EOFError
EOFError

The above exception was the direct cause of the following exception:

  File "/home/smaug/Documents/MASTER/ReinforcementLearning/maml-rl/.venv/lib/python3.12/site-packages/torchrl/envs/batched_envs.py", line 2398, in _run_worker_pipe_shared_mem
    cmd, data = child_pipe.recv()
                ^^^^^^^^^^^^^^^^^
Traceback (most recent call last):

The above exception was the direct cause of the following exception:


The above exception was the direct cause of the following exception:

  File "/usr/lib/python3.12/multiprocessing/connection.py", line 250, in recv
    buf = self._recv_bytes()
          ^^^^^^^^^^^^^^^^^^
  File "/home/smaug/Documents/MASTER/ReinforcementLearning/maml-rl/.venv/lib/python3.12/site-packages/torchrl/envs/batched_envs.py", line 2398, in _run_worker_pipe_shared_mem
    cmd, data = child_pipe.recv()
                ^^^^^^^^^^^^^^^^^
  File "/home/smaug/Documents/MASTER/ReinforcementLearning/maml-rl/.venv/lib/python3.12/site-packages/torchrl/envs/batched_envs.py", line 2398, in _run_worker_pipe_shared_mem
    cmd, data = child_pipe.recv()
                ^^^^^^^^^^^^^^^^^
  File "/home/smaug/Documents/MASTER/ReinforcementLearning/maml-rl/.venv/lib/python3.12/site-packages/torchrl/envs/batched_envs.py", line 2398, in _run_worker_pipe_shared_mem
    cmd, data = child_pipe.recv()
                ^^^^^^^^^^^^^^^^^

The above exception was the direct cause of the following exception:

  File "/usr/lib/python3.12/multiprocessing/connection.py", line 430, in _recv_bytes
    buf = self._recv(4)
          ^^^^^^^^^^^^^
  File "/home/smaug/Documents/MASTER/ReinforcementLearning/maml-rl/.venv/lib/python3.12/site-packages/torchrl/envs/batched_envs.py", line 2398, in _run_worker_pipe_shared_mem
    cmd, data = child_pipe.recv()
                ^^^^^^^^^^^^^^^^^
Traceback (most recent call last):
Traceback (most recent call last):
  File "/home/smaug/Documents/MASTER/ReinforcementLearning/maml-rl/.venv/lib/python3.12/site-packages/torchrl/envs/batched_envs.py", line 2398, in _run_worker_pipe_shared_mem
    cmd, data = child_pipe.recv()
                ^^^^^^^^^^^^^^^^^

The above exception was the direct cause of the following exception:

  File "/usr/lib/python3.12/multiprocessing/connection.py", line 399, in _recv
    raise EOFError
Traceback (most recent call last):
  File "/usr/lib/python3.12/multiprocessing/connection.py", line 250, in recv
    buf = self._recv_bytes()
          ^^^^^^^^^^^^^^^^^^
  File "/usr/lib/python3.12/multiprocessing/connection.py", line 250, in recv
    buf = self._recv_bytes()
          ^^^^^^^^^^^^^^^^^^

The above exception was the direct cause of the following exception:


The above exception was the direct cause of the following exception:

Traceback (most recent call last):
  File "/usr/lib/python3.12/multiprocessing/connection.py", line 250, in recv
    buf = self._recv_bytes()
          ^^^^^^^^^^^^^^^^^^
  File "/home/smaug/Documents/MASTER/ReinforcementLearning/maml-rl/.venv/lib/python3.12/site-packages/torchrl/envs/batched_envs.py", line 2398, in _run_worker_pipe_shared_mem
    cmd, data = child_pipe.recv()
                ^^^^^^^^^^^^^^^^^
EOFError
  File "/usr/lib/python3.12/multiprocessing/connection.py", line 250, in recv
    buf = self._recv_bytes()
          ^^^^^^^^^^^^^^^^^^
  File "/usr/lib/python3.12/multiprocessing/connection.py", line 250, in recv
    buf = self._recv_bytes()
          ^^^^^^^^^^^^^^^^^^
  File "/usr/lib/python3.12/multiprocessing/connection.py", line 430, in _recv_bytes
    buf = self._recv(4)
          ^^^^^^^^^^^^^
  File "/usr/lib/python3.12/multiprocessing/connection.py", line 430, in _recv_bytes
    buf = self._recv(4)
          ^^^^^^^^^^^^^
Traceback (most recent call last):
Traceback (most recent call last):
  File "/usr/lib/python3.12/multiprocessing/connection.py", line 430, in _recv_bytes
    buf = self._recv(4)
          ^^^^^^^^^^^^^
  File "/usr/lib/python3.12/multiprocessing/connection.py", line 430, in _recv_bytes
    buf = self._recv(4)
          ^^^^^^^^^^^^^
  File "/usr/lib/python3.12/multiprocessing/connection.py", line 430, in _recv_bytes
    buf = self._recv(4)
          ^^^^^^^^^^^^^
  File "/usr/lib/python3.12/multiprocessing/connection.py", line 399, in _recv
    raise EOFError
  File "/usr/lib/python3.12/multiprocessing/connection.py", line 399, in _recv
    raise EOFError
  File "/usr/lib/python3.12/multiprocessing/connection.py", line 250, in recv
    buf = self._recv_bytes()
          ^^^^^^^^^^^^^^^^^^
  File "/usr/lib/python3.12/multiprocessing/process.py", line 314, in _bootstrap
    self.run()
  File "/usr/lib/python3.12/multiprocessing/connection.py", line 399, in _recv
    raise EOFError
  File "/usr/lib/python3.12/multiprocessing/connection.py", line 399, in _recv
    raise EOFError
  File "/usr/lib/python3.12/multiprocessing/connection.py", line 399, in _recv
    raise EOFError
  File "/home/smaug/Documents/MASTER/ReinforcementLearning/maml-rl/.venv/lib/python3.12/site-packages/torchrl/envs/batched_envs.py", line 2398, in _run_worker_pipe_shared_mem
    cmd, data = child_pipe.recv()
                ^^^^^^^^^^^^^^^^^
  File "/home/smaug/Documents/MASTER/ReinforcementLearning/maml-rl/.venv/lib/python3.12/site-packages/torchrl/_utils.py", line 594, in run
    return mp.Process.run(self, *args, **kwargs)
           ^^^^^^^^^^^^^^^^^^^^^^^^^^^^^^^^^^^^^
  File "/usr/lib/python3.12/multiprocessing/connection.py", line 430, in _recv_bytes
    buf = self._recv(4)
          ^^^^^^^^^^^^^
EOFError
EOFError
EOFError
  File "/usr/lib/python3.12/multiprocessing/process.py", line 108, in run
    self._target(*self._args, **self._kwargs)

The above exception was the direct cause of the following exception:

EOFError
  File "/usr/lib/python3.12/multiprocessing/process.py", line 314, in _bootstrap
    self.run()
  File "/usr/lib/python3.12/multiprocessing/process.py", line 314, in _bootstrap
    self.run()
EOFError
  File "/home/smaug/Documents/MASTER/ReinforcementLearning/maml-rl/.venv/lib/python3.12/site-packages/torchrl/envs/batched_envs.py", line 2398, in _run_worker_pipe_shared_mem
    cmd, data = child_pipe.recv()
                ^^^^^^^^^^^^^^^^^
  File "/usr/lib/python3.12/multiprocessing/connection.py", line 399, in _recv
    raise EOFError
  File "/home/smaug/Documents/MASTER/ReinforcementLearning/maml-rl/.venv/lib/python3.12/site-packages/torchrl/envs/batched_envs.py", line 2405, in _run_worker_pipe_shared_mem
    raise EOFError(f"proc {pid} failed, last command: {cmd}.") from err
Traceback (most recent call last):
  File "/usr/lib/python3.12/multiprocessing/process.py", line 314, in _bootstrap
    self.run()
  File "/home/smaug/Documents/MASTER/ReinforcementLearning/maml-rl/.venv/lib/python3.12/site-packages/torchrl/_utils.py", line 594, in run
    return mp.Process.run(self, *args, **kwargs)
           ^^^^^^^^^^^^^^^^^^^^^^^^^^^^^^^^^^^^^
  File "/home/smaug/Documents/MASTER/ReinforcementLearning/maml-rl/.venv/lib/python3.12/site-packages/torchrl/_utils.py", line 594, in run
    return mp.Process.run(self, *args, **kwargs)
           ^^^^^^^^^^^^^^^^^^^^^^^^^^^^^^^^^^^^^
  File "/usr/lib/python3.12/multiprocessing/connection.py", line 250, in recv
    buf = self._recv_bytes()
          ^^^^^^^^^^^^^^^^^^
EOFError: proc 276112 failed, last command: step_and_maybe_reset.
EOFError
  File "/usr/lib/python3.12/multiprocessing/connection.py", line 250, in recv
    buf = self._recv_bytes()
          ^^^^^^^^^^^^^^^^^^
  File "/usr/lib/python3.12/multiprocessing/process.py", line 108, in run
    self._target(*self._args, **self._kwargs)
  File "/home/smaug/Documents/MASTER/ReinforcementLearning/maml-rl/.venv/lib/python3.12/site-packages/torchrl/_utils.py", line 594, in run
    return mp.Process.run(self, *args, **kwargs)
           ^^^^^^^^^^^^^^^^^^^^^^^^^^^^^^^^^^^^^
  File "/usr/lib/python3.12/multiprocessing/connection.py", line 430, in _recv_bytes
    buf = self._recv(4)
          ^^^^^^^^^^^^^
  File "/usr/lib/python3.12/multiprocessing/process.py", line 108, in run
    self._target(*self._args, **self._kwargs)
  File "/usr/lib/python3.12/multiprocessing/process.py", line 314, in _bootstrap
    self.run()
  File "/home/smaug/Documents/MASTER/ReinforcementLearning/maml-rl/.venv/lib/python3.12/site-packages/torchrl/envs/batched_envs.py", line 2405, in _run_worker_pipe_shared_mem
    raise EOFError(f"proc {pid} failed, last command: {cmd}.") from err
  File "/usr/lib/python3.12/multiprocessing/process.py", line 108, in run
    self._target(*self._args, **self._kwargs)
  File "/usr/lib/python3.12/multiprocessing/process.py", line 314, in _bootstrap
    self.run()
  File "/usr/lib/python3.12/multiprocessing/connection.py", line 399, in _recv
    raise EOFError
  File "/usr/lib/python3.12/multiprocessing/process.py", line 314, in _bootstrap
    self.run()
  File "/usr/lib/python3.12/multiprocessing/connection.py", line 430, in _recv_bytes
    buf = self._recv(4)
          ^^^^^^^^^^^^^
  File "/home/smaug/Documents/MASTER/ReinforcementLearning/maml-rl/.venv/lib/python3.12/site-packages/torchrl/envs/batched_envs.py", line 2405, in _run_worker_pipe_shared_mem
    raise EOFError(f"proc {pid} failed, last command: {cmd}.") from err
  File "/home/smaug/Documents/MASTER/ReinforcementLearning/maml-rl/.venv/lib/python3.12/site-packages/torchrl/envs/batched_envs.py", line 2405, in _run_worker_pipe_shared_mem
    raise EOFError(f"proc {pid} failed, last command: {cmd}.") from err
EOFError: proc 276101 failed, last command: step_and_maybe_reset.

The above exception was the direct cause of the following exception:

  File "/usr/lib/python3.12/multiprocessing/connection.py", line 399, in _recv
    raise EOFError
EOFError: proc 276113 failed, last command: step_and_maybe_reset.
EOFError

The above exception was the direct cause of the following exception:

  File "/home/smaug/Documents/MASTER/ReinforcementLearning/maml-rl/.venv/lib/python3.12/site-packages/torchrl/_utils.py", line 594, in run
    return mp.Process.run(self, *args, **kwargs)
           ^^^^^^^^^^^^^^^^^^^^^^^^^^^^^^^^^^^^^
  File "/home/smaug/Documents/MASTER/ReinforcementLearning/maml-rl/.venv/lib/python3.12/site-packages/torchrl/_utils.py", line 594, in run
    return mp.Process.run(self, *args, **kwargs)
           ^^^^^^^^^^^^^^^^^^^^^^^^^^^^^^^^^^^^^
  File "/home/smaug/Documents/MASTER/ReinforcementLearning/maml-rl/.venv/lib/python3.12/site-packages/torchrl/_utils.py", line 594, in run
    return mp.Process.run(self, *args, **kwargs)
           ^^^^^^^^^^^^^^^^^^^^^^^^^^^^^^^^^^^^^

The above exception was the direct cause of the following exception:

EOFError: proc 276103 failed, last command: step_and_maybe_reset.

The above exception was the direct cause of the following exception:


The above exception was the direct cause of the following exception:

  File "/usr/lib/python3.12/multiprocessing/process.py", line 108, in run
    self._target(*self._args, **self._kwargs)
  File "/usr/lib/python3.12/multiprocessing/process.py", line 108, in run
    self._target(*self._args, **self._kwargs)
  File "/usr/lib/python3.12/multiprocessing/process.py", line 108, in run
    self._target(*self._args, **self._kwargs)
Traceback (most recent call last):
Traceback (most recent call last):
EOFError
Traceback (most recent call last):
  File "/home/smaug/Documents/MASTER/ReinforcementLearning/maml-rl/.venv/lib/python3.12/site-packages/torchrl/envs/batched_envs.py", line 2405, in _run_worker_pipe_shared_mem
    raise EOFError(f"proc {pid} failed, last command: {cmd}.") from err
  File "/usr/lib/python3.12/multiprocessing/process.py", line 314, in _bootstrap
    self.run()
Traceback (most recent call last):
Traceback (most recent call last):

The above exception was the direct cause of the following exception:

  File "/home/smaug/Documents/MASTER/ReinforcementLearning/maml-rl/.venv/lib/python3.12/site-packages/torchrl/envs/batched_envs.py", line 2405, in _run_worker_pipe_shared_mem
    raise EOFError(f"proc {pid} failed, last command: {cmd}.") from err
  File "/home/smaug/Documents/MASTER/ReinforcementLearning/maml-rl/.venv/lib/python3.12/site-packages/torchrl/envs/batched_envs.py", line 2405, in _run_worker_pipe_shared_mem
    raise EOFError(f"proc {pid} failed, last command: {cmd}.") from err
EOFError: proc 276114 failed, last command: step_and_maybe_reset.
  File "/home/smaug/Documents/MASTER/ReinforcementLearning/maml-rl/.venv/lib/python3.12/site-packages/torchrl/_utils.py", line 594, in run
    return mp.Process.run(self, *args, **kwargs)
           ^^^^^^^^^^^^^^^^^^^^^^^^^^^^^^^^^^^^^
EOFError: proc 276102 failed, last command: step_and_maybe_reset.
EOFError: proc 276115 failed, last command: step_and_maybe_reset.
Traceback (most recent call last):
  File "/usr/lib/python3.12/multiprocessing/process.py", line 108, in run
    self._target(*self._args, **self._kwargs)

The above exception was the direct cause of the following exception:

  File "/home/smaug/Documents/MASTER/ReinforcementLearning/maml-rl/.venv/lib/python3.12/site-packages/torchrl/envs/batched_envs.py", line 2405, in _run_worker_pipe_shared_mem
    raise EOFError(f"proc {pid} failed, last command: {cmd}.") from err
Traceback (most recent call last):
EOFError: proc 276099 failed, last command: step_and_maybe_reset.

The above exception was the direct cause of the following exception:

Traceback (most recent call last):
  File "/usr/lib/python3.12/multiprocessing/process.py", line 314, in _bootstrap
    self.run()
  File "/usr/lib/python3.12/multiprocessing/process.py", line 314, in _bootstrap
    self.run()
  File "/usr/lib/python3.12/multiprocessing/process.py", line 314, in _bootstrap
    self.run()
  File "/usr/lib/python3.12/multiprocessing/process.py", line 314, in _bootstrap
    self.run()
  File "/usr/lib/python3.12/multiprocessing/process.py", line 314, in _bootstrap
    self.run()
  File "/home/smaug/Documents/MASTER/ReinforcementLearning/maml-rl/.venv/lib/python3.12/site-packages/torchrl/_utils.py", line 594, in run
    return mp.Process.run(self, *args, **kwargs)
           ^^^^^^^^^^^^^^^^^^^^^^^^^^^^^^^^^^^^^
  File "/home/smaug/Documents/MASTER/ReinforcementLearning/maml-rl/.venv/lib/python3.12/site-packages/torchrl/_utils.py", line 594, in run
    return mp.Process.run(self, *args, **kwargs)
           ^^^^^^^^^^^^^^^^^^^^^^^^^^^^^^^^^^^^^
  File "/home/smaug/Documents/MASTER/ReinforcementLearning/maml-rl/.venv/lib/python3.12/site-packages/torchrl/_utils.py", line 594, in run
    return mp.Process.run(self, *args, **kwargs)
           ^^^^^^^^^^^^^^^^^^^^^^^^^^^^^^^^^^^^^
  File "/usr/lib/python3.12/multiprocessing/process.py", line 314, in _bootstrap
    self.run()
  File "/usr/lib/python3.12/multiprocessing/process.py", line 314, in _bootstrap
    self.run()
  File "/home/smaug/Documents/MASTER/ReinforcementLearning/maml-rl/.venv/lib/python3.12/site-packages/torchrl/_utils.py", line 594, in run
    return mp.Process.run(self, *args, **kwargs)
           ^^^^^^^^^^^^^^^^^^^^^^^^^^^^^^^^^^^^^
  File "/usr/lib/python3.12/multiprocessing/process.py", line 108, in run
    self._target(*self._args, **self._kwargs)
  File "/usr/lib/python3.12/multiprocessing/process.py", line 108, in run
    self._target(*self._args, **self._kwargs)
  File "/home/smaug/Documents/MASTER/ReinforcementLearning/maml-rl/.venv/lib/python3.12/site-packages/torchrl/_utils.py", line 594, in run
    return mp.Process.run(self, *args, **kwargs)
           ^^^^^^^^^^^^^^^^^^^^^^^^^^^^^^^^^^^^^
  File "/usr/lib/python3.12/multiprocessing/process.py", line 108, in run
    self._target(*self._args, **self._kwargs)
  File "/home/smaug/Documents/MASTER/ReinforcementLearning/maml-rl/.venv/lib/python3.12/site-packages/torchrl/_utils.py", line 594, in run
    return mp.Process.run(self, *args, **kwargs)
           ^^^^^^^^^^^^^^^^^^^^^^^^^^^^^^^^^^^^^
  File "/usr/lib/python3.12/multiprocessing/process.py", line 108, in run
    self._target(*self._args, **self._kwargs)
  File "/home/smaug/Documents/MASTER/ReinforcementLearning/maml-rl/.venv/lib/python3.12/site-packages/torchrl/_utils.py", line 594, in run
    return mp.Process.run(self, *args, **kwargs)
           ^^^^^^^^^^^^^^^^^^^^^^^^^^^^^^^^^^^^^
  File "/home/smaug/Documents/MASTER/ReinforcementLearning/maml-rl/.venv/lib/python3.12/site-packages/torchrl/envs/batched_envs.py", line 2405, in _run_worker_pipe_shared_mem
    raise EOFError(f"proc {pid} failed, last command: {cmd}.") from err
  File "/home/smaug/Documents/MASTER/ReinforcementLearning/maml-rl/.venv/lib/python3.12/site-packages/torchrl/envs/batched_envs.py", line 2405, in _run_worker_pipe_shared_mem
    raise EOFError(f"proc {pid} failed, last command: {cmd}.") from err
  File "/usr/lib/python3.12/multiprocessing/process.py", line 108, in run
    self._target(*self._args, **self._kwargs)
  File "/home/smaug/Documents/MASTER/ReinforcementLearning/maml-rl/.venv/lib/python3.12/site-packages/torchrl/envs/batched_envs.py", line 2405, in _run_worker_pipe_shared_mem
    raise EOFError(f"proc {pid} failed, last command: {cmd}.") from err
  File "/usr/lib/python3.12/multiprocessing/process.py", line 108, in run
    self._target(*self._args, **self._kwargs)
  File "/home/smaug/Documents/MASTER/ReinforcementLearning/maml-rl/.venv/lib/python3.12/site-packages/torchrl/envs/batched_envs.py", line 2405, in _run_worker_pipe_shared_mem
    raise EOFError(f"proc {pid} failed, last command: {cmd}.") from err
  File "/usr/lib/python3.12/multiprocessing/process.py", line 108, in run
    self._target(*self._args, **self._kwargs)
  File "/home/smaug/Documents/MASTER/ReinforcementLearning/maml-rl/.venv/lib/python3.12/site-packages/torchrl/envs/batched_envs.py", line 2405, in _run_worker_pipe_shared_mem
    raise EOFError(f"proc {pid} failed, last command: {cmd}.") from err
  File "/home/smaug/Documents/MASTER/ReinforcementLearning/maml-rl/.venv/lib/python3.12/site-packages/torchrl/envs/batched_envs.py", line 2405, in _run_worker_pipe_shared_mem
    raise EOFError(f"proc {pid} failed, last command: {cmd}.") from err
EOFError: proc 276111 failed, last command: step_and_maybe_reset.
EOFError: proc 276110 failed, last command: step_and_maybe_reset.
EOFError: proc 276109 failed, last command: step_and_maybe_reset.
  File "/home/smaug/Documents/MASTER/ReinforcementLearning/maml-rl/.venv/lib/python3.12/site-packages/torchrl/envs/batched_envs.py", line 2405, in _run_worker_pipe_shared_mem
    raise EOFError(f"proc {pid} failed, last command: {cmd}.") from err
EOFError: proc 276105 failed, last command: step_and_maybe_reset.
EOFError: proc 276116 failed, last command: step_and_maybe_reset.
EOFError: proc 276106 failed, last command: step_and_maybe_reset.
  File "/usr/lib/python3.12/multiprocessing/process.py", line 314, in _bootstrap
    self.run()
EOFError: proc 276104 failed, last command: step_and_maybe_reset.
  File "/home/smaug/Documents/MASTER/ReinforcementLearning/maml-rl/.venv/lib/python3.12/site-packages/torchrl/_utils.py", line 594, in run
    return mp.Process.run(self, *args, **kwargs)
           ^^^^^^^^^^^^^^^^^^^^^^^^^^^^^^^^^^^^^
  File "/usr/lib/python3.12/multiprocessing/process.py", line 108, in run
    self._target(*self._args, **self._kwargs)
  File "/home/smaug/Documents/MASTER/ReinforcementLearning/maml-rl/.venv/lib/python3.12/site-packages/torchrl/envs/batched_envs.py", line 2405, in _run_worker_pipe_shared_mem
    raise EOFError(f"proc {pid} failed, last command: {cmd}.") from err
EOFError: proc 276107 failed, last command: step_and_maybe_reset.
Traceback (most recent call last):
Process _ProcessNoWarn-1:
  File "/home/smaug/Documents/MASTER/ReinforcementLearning/maml-rl/.venv/lib/python3.12/site-packages/torchrl/envs/batched_envs.py", line 2398, in _run_worker_pipe_shared_mem
    cmd, data = child_pipe.recv()
                ^^^^^^^^^^^^^^^^^
  File "/usr/lib/python3.12/multiprocessing/connection.py", line 250, in recv
    buf = self._recv_bytes()
          ^^^^^^^^^^^^^^^^^^
  File "/usr/lib/python3.12/multiprocessing/connection.py", line 430, in _recv_bytes
    buf = self._recv(4)
          ^^^^^^^^^^^^^
  File "/usr/lib/python3.12/multiprocessing/connection.py", line 399, in _recv
    raise EOFError
EOFError

The above exception was the direct cause of the following exception:

Traceback (most recent call last):
  File "/usr/lib/python3.12/multiprocessing/process.py", line 314, in _bootstrap
    self.run()
  File "/home/smaug/Documents/MASTER/ReinforcementLearning/maml-rl/.venv/lib/python3.12/site-packages/torchrl/_utils.py", line 594, in run
    return mp.Process.run(self, *args, **kwargs)
           ^^^^^^^^^^^^^^^^^^^^^^^^^^^^^^^^^^^^^
  File "/usr/lib/python3.12/multiprocessing/process.py", line 108, in run
    self._target(*self._args, **self._kwargs)
  File "/home/smaug/Documents/MASTER/ReinforcementLearning/maml-rl/.venv/lib/python3.12/site-packages/torchrl/envs/batched_envs.py", line 2405, in _run_worker_pipe_shared_mem
    raise EOFError(f"proc {pid} failed, last command: {cmd}.") from err
EOFError: proc 276098 failed, last command: step_and_maybe_reset.
Process _ProcessNoWarn-4:
Traceback (most recent call last):
Traceback (most recent call last):
  File "/home/smaug/Documents/MASTER/ReinforcementLearning/maml-rl/.venv/lib/python3.12/site-packages/torchrl/envs/batched_envs.py", line 2398, in _run_worker_pipe_shared_mem
    cmd, data = child_pipe.recv()
                ^^^^^^^^^^^^^^^^^
  File "/usr/lib/python3.12/multiprocessing/connection.py", line 250, in recv
    buf = self._recv_bytes()
          ^^^^^^^^^^^^^^^^^^
  File "/usr/lib/python3.12/multiprocessing/connection.py", line 430, in _recv_bytes
    buf = self._recv(4)
          ^^^^^^^^^^^^^
  File "/usr/lib/python3.12/multiprocessing/connection.py", line 399, in _recv
    raise EOFError
EOFError
  File "/home/smaug/Documents/MASTER/ReinforcementLearning/maml-rl/.venv/lib/python3.12/site-packages/torchrl/envs/batched_envs.py", line 2398, in _run_worker_pipe_shared_mem
    cmd, data = child_pipe.recv()
                ^^^^^^^^^^^^^^^^^
  File "/usr/lib/python3.12/multiprocessing/connection.py", line 250, in recv
    buf = self._recv_bytes()
          ^^^^^^^^^^^^^^^^^^
  File "/usr/lib/python3.12/multiprocessing/connection.py", line 430, in _recv_bytes
    buf = self._recv(4)
          ^^^^^^^^^^^^^
  File "/usr/lib/python3.12/multiprocessing/connection.py", line 399, in _recv
    raise EOFError

The above exception was the direct cause of the following exception:

Traceback (most recent call last):
EOFError
Traceback (most recent call last):

The above exception was the direct cause of the following exception:

Traceback (most recent call last):
  File "/usr/lib/python3.12/multiprocessing/process.py", line 314, in _bootstrap
    self.run()
  File "/home/smaug/Documents/MASTER/ReinforcementLearning/maml-rl/.venv/lib/python3.12/site-packages/torchrl/_utils.py", line 594, in run
    return mp.Process.run(self, *args, **kwargs)
           ^^^^^^^^^^^^^^^^^^^^^^^^^^^^^^^^^^^^^
  File "/usr/lib/python3.12/multiprocessing/process.py", line 108, in run
    self._target(*self._args, **self._kwargs)
  File "/home/smaug/Documents/MASTER/ReinforcementLearning/maml-rl/.venv/lib/python3.12/site-packages/torchrl/envs/batched_envs.py", line 2405, in _run_worker_pipe_shared_mem
    raise EOFError(f"proc {pid} failed, last command: {cmd}.") from err
EOFError: proc 276100 failed, last command: step_and_maybe_reset.
  File "/usr/lib/python3.12/multiprocessing/process.py", line 314, in _bootstrap
    self.run()
  File "/home/smaug/Documents/MASTER/ReinforcementLearning/maml-rl/.venv/lib/python3.12/site-packages/torchrl/_utils.py", line 594, in run
    return mp.Process.run(self, *args, **kwargs)
           ^^^^^^^^^^^^^^^^^^^^^^^^^^^^^^^^^^^^^
  File "/usr/lib/python3.12/multiprocessing/process.py", line 108, in run
    self._target(*self._args, **self._kwargs)
  File "/home/smaug/Documents/MASTER/ReinforcementLearning/maml-rl/.venv/lib/python3.12/site-packages/torchrl/envs/batched_envs.py", line 2405, in _run_worker_pipe_shared_mem
    raise EOFError(f"proc {pid} failed, last command: {cmd}.") from err
EOFError: proc 276108 failed, last command: step_and_maybe_reset.
  File "/home/smaug/Documents/MASTER/ReinforcementLearning/maml-rl/.venv/lib/python3.12/site-packages/torchrl/envs/batched_envs.py", line 2398, in _run_worker_pipe_shared_mem
    cmd, data = child_pipe.recv()
                ^^^^^^^^^^^^^^^^^
  File "/usr/lib/python3.12/multiprocessing/connection.py", line 250, in recv
    buf = self._recv_bytes()
          ^^^^^^^^^^^^^^^^^^
  File "/usr/lib/python3.12/multiprocessing/connection.py", line 430, in _recv_bytes
    buf = self._recv(4)
          ^^^^^^^^^^^^^
  File "/usr/lib/python3.12/multiprocessing/connection.py", line 399, in _recv
    raise EOFError
EOFError

The above exception was the direct cause of the following exception:

Traceback (most recent call last):
  File "/usr/lib/python3.12/multiprocessing/process.py", line 314, in _bootstrap
    self.run()
  File "/home/smaug/Documents/MASTER/ReinforcementLearning/maml-rl/.venv/lib/python3.12/site-packages/torchrl/_utils.py", line 594, in run
    return mp.Process.run(self, *args, **kwargs)
           ^^^^^^^^^^^^^^^^^^^^^^^^^^^^^^^^^^^^^
  File "/usr/lib/python3.12/multiprocessing/process.py", line 108, in run
    self._target(*self._args, **self._kwargs)
  File "/home/smaug/Documents/MASTER/ReinforcementLearning/maml-rl/.venv/lib/python3.12/site-packages/torchrl/envs/batched_envs.py", line 2405, in _run_worker_pipe_shared_mem
    raise EOFError(f"proc {pid} failed, last command: {cmd}.") from err
EOFError: proc 276097 failed, last command: step_and_maybe_reset.
/usr/lib/python3.12/multiprocessing/resource_tracker.py:254: UserWarning: resource_tracker: There appear to be 100 leaked semaphore objects to clean up at shutdown
  warnings.warn('resource_tracker: There appear to be %d '
